<?xml version="1.0" encoding="UTF-8"?>
<!-- Generated by org.testng.reporters.JUnitReportReporter -->
<testsuite hostname="admins-MacBook-Pro.local" failures="0" tests="1" name="tests.LogInAsClient" time="11.409" errors="0" timestamp="2023-11-25T13:56:52 CET" skipped="0">
  <testcase classname="tests.LogInAsClient" name="testLogInAsClient" time="11.409"/>
</testsuite> <!-- tests.LogInAsClient -->
