<?xml version="1.0" encoding="UTF-8"?>
<!-- Generated by org.testng.reporters.JUnitReportReporter -->
<testsuite hostname="admins-MacBook-Pro.local" failures="0" tests="1" name="anypackage.LogInAsCandidate" time="10.829" errors="0" timestamp="2023-07-27T15:44:08 CEST" skipped="0">
  <testcase classname="anypackage.LogInAsCandidate" name="testLogInAsCandidate" time="10.829"/>
  <system-out/>
</testsuite> <!-- anypackage.LogInAsCandidate -->
