<?xml version="1.0" encoding="UTF-8"?>
<!-- Generated by org.testng.reporters.JUnitReportReporter -->
<testsuite hostname="Milica-pc" failures="0" tests="1" name="anypackage.CandidateEditExperience" time="51.615" errors="0" timestamp="2023-03-13T20:23:57 CET" skipped="0">
  <testcase classname="anypackage.CandidateEditExperience" name="testCandidateEditExperience" time="51.615"/>
  <system-out/>
</testsuite> <!-- anypackage.CandidateEditExperience -->
