<?xml version="1.0" encoding="UTF-8"?>
<!-- Generated by org.testng.reporters.JUnitReportReporter -->
<testsuite hostname="admins-MacBook-Pro.local" failures="0" tests="2" name="tests.LogInAsCandidateDataProvider" time="23.984" errors="0" timestamp="2023-11-13T12:42:59 CET" skipped="0">
  <testcase classname="tests.LogInAsCandidateDataProvider" name="testLogInAsCandidateDataProvider" time="6.650"/>
  <system-out/>
  <testcase classname="tests.LogInAsCandidateDataProvider" name="testLogInAsCandidateDataProvider" time="17.334"/>
  <system-out/>
</testsuite> <!-- tests.LogInAsCandidateDataProvider -->
