<?xml version="1.0" encoding="UTF-8"?>
<!-- Generated by org.testng.reporters.JUnitReportReporter -->
<testsuite hostname="admins-MacBook-Pro.local" failures="0" tests="1" name="tests.AdminLogInAsCandidate" time="29.045" errors="0" timestamp="2023-11-08T11:46:31 CET" skipped="0">
  <testcase classname="tests.AdminLogInAsCandidate" name="testAdminLogInAsCandidate" time="29.045"/>
  <system-out/>
</testsuite> <!-- tests.AdminLogInAsCandidate -->
