<?xml version="1.0" encoding="UTF-8"?>
<!-- Generated by org.testng.reporters.JUnitReportReporter -->
<testsuite hostname="admins-MacBook-Pro.local" failures="0" tests="1" name="tests.LogInAsCandidate" time="10.571" errors="0" timestamp="2023-12-07T12:44:37 CET" skipped="0">
  <testcase classname="tests.LogInAsCandidate" name="testLogInAsCandidate" time="10.571"/>
</testsuite> <!-- tests.LogInAsCandidate -->
