<?xml version="1.0" encoding="UTF-8"?>
<!-- Generated by org.testng.reporters.JUnitReportReporter -->
<testsuite hostname="admins-MacBook-Pro.local" failures="0" tests="2" name="tests.LogInAsCandidateDataProvider" time="24.487" errors="0" timestamp="2023-11-13T13:06:28 CET" skipped="0">
  <testcase classname="tests.LogInAsCandidateDataProvider" name="testLogInAsCandidateDataProvider" time="17.517"/>
  <system-out/>
  <testcase classname="tests.LogInAsCandidateDataProvider" name="testLogInAsCandidateDataProvider" time="6.970"/>
  <system-out/>
</testsuite> <!-- tests.LogInAsCandidateDataProvider -->
