<?xml version="1.0" encoding="UTF-8"?>
<!-- Generated by org.testng.reporters.JUnitReportReporter -->
<testsuite hostname="admins-MacBook-Pro.local" failures="0" tests="1" name="tests.LogInAsCandidate" time="10.274" errors="0" timestamp="2023-12-05T15:26:25 CET" skipped="0">
  <testcase classname="tests.LogInAsCandidate" name="testLogInAsCandidate" time="10.274"/>
  <system-out/>
</testsuite> <!-- tests.LogInAsCandidate -->
